				________LOG FILE FOR STACK________

stack_create:
	allocated memory for stack
	added log file to stack
	stack_name = stk
	errno = 100
	canary1 = 2557891634
	canary2 = 2882400018
	size = 0

stack_set_size:
	data realloced
	new capacity = 8
	put first canary
	put secong canary
	elements of stack from 0 to 7 are set in poison value
	allocated memory for data in stack
	errno = 0

stack_hash:
	hash = -49475

stack_ok:

stack_hash:
	hash = -49475
	stack_ok: no errors detected
	stack is successfully created


stack_ok:

stack_hash:
	hash = -49475
	stack_ok: no errors detected

stack_push:
	pushed 0.000000 
	size = 1

stack_hash:
	hash = -47645

stack_ok:

stack_hash:
	hash = -47645
	stack_ok: no errors detected

stack_ok:

stack_hash:
	hash = -47645
	stack_ok: no errors detected

stack_pop:
	size = 0
	popped 0.000000 

stack_hash:
	hash = -49475

stack_hash:
	hash = -49475

stack_ok:

stack_hash:
	hash = -49475
	stack_ok: no errors detected

stack_destroy:
